Detecting compiler hash for triplet x64-windows...
Compiler found: C:/Program Files/Microsoft Visual Studio/2022/Community/VC/Tools/MSVC/14.38.33130/bin/Hostx64/x64/cl.exe
All requested packages are currently installed.
Total install time: 800 ns
 enkits provides CMake targets:

    find_package(enkiTS CONFIG REQUIRED)
    target_link_libraries(main PRIVATE enkiTS::enkiTS)

simdjson provides CMake targets:

  # this is heuristically generated, and may not be correct
  find_package(simdjson CONFIG REQUIRED)
  target_link_libraries(main PRIVATE simdjson::simdjson)

simdjson provides pkg-config modules:

  # Parsing gigabytes of JSON per second
  simdjson

fastgltf provides CMake targets:

  # this is heuristically generated, and may not be correct
  find_package(fastgltf CONFIG REQUIRED)
  target_link_libraries(main PRIVATE fastgltf::fastgltf)

glfw3 provides CMake targets:

  # this is heuristically generated, and may not be correct
  find_package(glfw3 CONFIG REQUIRED)
  target_link_libraries(main PRIVATE glfw)

glfw3 provides pkg-config modules:

  # A multi-platform library for OpenGL, window and input
  glfw3

joltphysics provides CMake targets:

  # this is heuristically generated, and may not be correct
  find_package(Jolt CONFIG REQUIRED)
  target_link_libraries(main PRIVATE Jolt::Jolt)

openxr-loader provides CMake targets:

  # this is heuristically generated, and may not be correct
  find_package(OpenXR CONFIG REQUIRED)
  target_link_libraries(main PRIVATE OpenXR::headers OpenXR::openxr_loader)

The package stb provides CMake targets:

    find_package(Stb REQUIRED)
    target_include_directories(main PRIVATE ${Stb_INCLUDE_DIR})
zstd provides CMake targets:

  find_package(zstd CONFIG REQUIRED)
  target_link_libraries(main PRIVATE zstd::libzstd)

